[INFO] Scanning for projects...
[INFO] 
[INFO] ------------------------< com.tribu:api-tribu >-------------------------
[INFO] Building Tribu E-commerce 0.0.1-SNAPSHOT
[INFO]   from pom.xml
[INFO] --------------------------------[ jar ]---------------------------------
[INFO] 
[INFO] --- resources:3.3.1:resources (default-resources) @ api-tribu ---
[INFO] Copying 1 resource from src\main\resources to target\classes
[INFO] Copying 0 resource from src\main\resources to target\classes
[INFO] 
[INFO] --- compiler:3.13.0:compile (default-compile) @ api-tribu ---
[INFO] Recompiling the module because of changed source code.
[INFO] Compiling 56 source files with javac [debug parameters release 21] to target\classes
[INFO] -------------------------------------------------------------
[ERROR] COMPILATION ERROR : 
[INFO] -------------------------------------------------------------
[ERROR] /C:/Users/Lenovo/Desktop/api-tribu/src/main/java/com/tribu/api_tribu/config/DataInitializer.java:[70,10] illegal start of type
[ERROR] /C:/Users/Lenovo/Desktop/api-tribu/src/main/java/com/tribu/api_tribu/config/DataInitializer.java:[70,11] <identifier> expected
[ERROR] /C:/Users/Lenovo/Desktop/api-tribu/src/main/java/com/tribu/api_tribu/config/DataInitializer.java:[81,10] illegal start of type
[ERROR] /C:/Users/Lenovo/Desktop/api-tribu/src/main/java/com/tribu/api_tribu/config/DataInitializer.java:[82,2] class, interface, enum, or record expected
[INFO] 4 errors 
[INFO] -------------------------------------------------------------
[INFO] ------------------------------------------------------------------------
[INFO] BUILD FAILURE
[INFO] ------------------------------------------------------------------------
[INFO] Total time:  1.627 s
[INFO] Finished at: 2026-03-11T19:37:52-05:00
[INFO] ------------------------------------------------------------------------
[ERROR] Failed to execute goal org.apache.maven.plugins:maven-compiler-plugin:3.13.0:compile (default-compile) on project api-tribu: Compilation failure: Compilation failure: 
[ERROR] /C:/Users/Lenovo/Desktop/api-tribu/src/main/java/com/tribu/api_tribu/config/DataInitializer.java:[70,10] illegal start of type
[ERROR] /C:/Users/Lenovo/Desktop/api-tribu/src/main/java/com/tribu/api_tribu/config/DataInitializer.java:[70,11] <identifier> expected
[ERROR] /C:/Users/Lenovo/Desktop/api-tribu/src/main/java/com/tribu/api_tribu/config/DataInitializer.java:[81,10] illegal start of type
[ERROR] /C:/Users/Lenovo/Desktop/api-tribu/src/main/java/com/tribu/api_tribu/config/DataInitializer.java:[82,2] class, interface, enum, or record expected
[ERROR] -> [Help 1]
[ERROR] 
[ERROR] To see the full stack trace of the errors, re-run Maven with the -e switch.
[ERROR] Re-run Maven using the -X switch to enable full debug logging.
[ERROR] 
[ERROR] For more information about the errors and possible solutions, please read the following articles:
[ERROR] [Help 1] http://cwiki.apache.org/confluence/display/MAVEN/MojoFailureException
